C51 COMPILER V9.02   PRACTICE05                                                            12/16/2015 22:03:34 PAGE 1   


C51 COMPILER V9.02, COMPILATION OF MODULE PRACTICE05
OBJECT MODULE PLACED IN practice05.OBJ
COMPILER INVOKED BY: D:\Keil\C51\BIN\C51.EXE practice05.c BROWSE DEBUG OBJECTEXTEND

line level    source

   1          /*
   2          **********************************
   3          @Describe:数码管静态显示一位字符
   4          @Student:GongBiao
   5          **********************************
   6          */
   7          #include <reg52.h>
   8          
   9          sbit ADDR0 = P1 ^ 0;
  10          sbit ADDR1 = P1 ^ 1;
  11          sbit ADDR2 = P1 ^ 2;
  12          sbit ADDR3 = P1 ^ 3;
  13          sbit ENLED = P1 ^ 4;
  14          
  15          //用数组来存储数码管的真值表
  16          unsigned char code LedChar[] = {
  17                  0xC0, 0xF9, 0xA4, 0xB0, 0x99, 0x92, 0x82, 0xF8,
  18                  0x80, 0x90, 0x88, 0x83, 0xC6, 0xA1, 0X86, 0X8E
  19          };
  20          void main()
  21          {
  22   1              unsigned char count = 0; //记录T0中断次数
  23   1              unsigned char sec = 0; //记录经过我的秒数
  24   1      
  25   1              ENLED = 0;
  26   1              ADDR3 = 1; //为什么ADDR3等于1？
  27   1              ADDR2 = 0;
  28   1              ADDR1 = 0;
  29   1              ADDR0 = 0;
  30   1              TMOD = 0x01; //设置T0为模式1
  31   1              TH0 = 0xB8; //为TO赋值0xB800
  32   1              TL0 = 0x00;
  33   1              TR0 = 1; //启动T0
  34   1      
  35   1              while(1)
  36   1              {
  37   2                      if(TF0 == 1) //判断T0是否溢出
  38   2                      {
  39   3                              TF0 = 0;          //T0溢出后， 清零中断标志
  40   3                              TH0 = 0xB8; //并重新赋初值
  41   3                              TL0 = 0x00;
  42   3                              count ++;
  43   3                              
  44   3                              if(count >= 50) //判断T0溢出是否达到50次
  45   3                              {
  46   4                                      count = 0;               //达到50次后计数器值清零
  47   4                                      P0 = LedChar[sec];      //每秒遍历一个LED真值到这里
  48   4                                      sec++;
  49   4                                      if(sec >= 16)
  50   4                                      {
  51   5                                              sec = 0;
  52   5                                      }
  53   4                              }
  54   3                      }
  55   2              }
C51 COMPILER V9.02   PRACTICE05                                                            12/16/2015 22:03:34 PAGE 2   

  56   1      
  57   1      }


MODULE INFORMATION:   STATIC OVERLAYABLE
   CODE SIZE        =     60    ----
   CONSTANT SIZE    =     16    ----
   XDATA SIZE       =   ----    ----
   PDATA SIZE       =   ----    ----
   DATA SIZE        =   ----    ----
   IDATA SIZE       =   ----    ----
   BIT SIZE         =   ----    ----
END OF MODULE INFORMATION.


C51 COMPILATION COMPLETE.  0 WARNING(S),  0 ERROR(S)
