C51 COMPILER V9.02   LED_PRACTICE02                                                        12/21/2015 21:23:11 PAGE 1   


C51 COMPILER V9.02, COMPILATION OF MODULE LED_PRACTICE02
OBJECT MODULE PLACED IN LED_Practice02.OBJ
COMPILER INVOKED BY: D:\Keil\C51\BIN\C51.EXE LED_Practice02.c BROWSE DEBUG OBJECTEXTEND

line level    source

   1          /*
   2          @Descrie:LED数码管动态显示
   3          @Sutdent:GongBiao
   4          @Date:2015/12/21
   5          */
   6          #include <reg52.h>
   7          
   8          sbit ADDR0 = P1 ^ 0;
   9          sbit ADDR1 = P1 ^ 1;
  10          sbit ADDR2 = P1 ^ 2;
  11          sbit ADDR3 = P1 ^ 3;
  12          sbit ENLED = P1 ^ 4;
  13          
  14          unsigned char code LedChar[] = {
  15                  0xC0, 0xF9, 0xA4, 0xB0, 0x99, 0x92, 0x82, 0xF8,
  16                  0x80, 0x90, 0x88, 0x83, 0xC6, 0xA1, 0x86, 0x8E
  17          };
  18          
  19          unsigned char LedBuff[6] = {
  20                  0xFF, 0xFF, 0xFF, 0xFF, 0xFF, 0xFF
  21          };
  22          
  23          
  24          
  25          void main()
  26          {
  27   1                      unsigned int count = 0;
  28   1                      unsigned long sec  = 0;
  29   1                      unsigned char i = 0;
  30   1                      ENLED = 0;
  31   1                      ADDR1 = 1;
  32   1                      TMOD  = 0x01;
  33   1                      TH0   = 0xFC;
  34   1                      TL0       = 0x67;
  35   1                      TR0   = 1;
  36   1      
  37   1                      while(1)
  38   1                      {
  39   2                              if(TF0 == 1)
  40   2                              {
  41   3                                      TF0 = 0;
  42   3                                      TH0 = 0xFC;
  43   3                                      TL0 = 0x67;
  44   3                                      count ++;
  45   3                                      if(count >= 1000)
  46   3                                      {
  47   4                                              count = 0;
  48   4                                              sec++;
  49   4                                              LedBuff[0] = LedChar[sec % 10];         //取个位
  50   4                                              LedBuff[1] = LedChar[sec / 10 % 10]; //取十位
  51   4                                              LedBuff[2] = LedChar[sec / 100 % 10]; //取百位
  52   4                                              LedBuff[3] = LedChar[sec / 1000 % 10]; //取千位
  53   4                                              LedBuff[4] = LedChar[sec / 10000 % 10]; //取万位
  54   4                                              LedBuff[5] = LedChar[sec / 100000 % 10]; //取十万位
  55   4                                      }
C51 COMPILER V9.02   LED_PRACTICE02                                                        12/21/2015 21:23:11 PAGE 2   

  56   3                                      P0 = 0xFF;
  57   3                                      switch(i)
  58   3                                      {
  59   4                                              case 0: ADDR2 = 0; ADDR1 = 0; ADDR0 = 0; i++; P0 = LedBuff[0]; break;
  60   4      
  61   4                                              case 1: ADDR2 = 0; ADDR1 = 0; ADDR0 = 1; i++; P0 = LedBuff[1]; break;
  62   4                                      
  63   4                                              case 2: ADDR2 = 0; ADDR1 = 1; ADDR0 = 0; i++; P0 = LedBuff[2]; break;
  64   4                                      
  65   4                                              case 3: ADDR2 = 0; ADDR1 = 1, ADDR0 = 1; i++; P0 = LedBuff[3]; break;
  66   4                                      
  67   4                                              case 4: ADDR2 = 1; ADDR1 = 0; ADDR0 = 0; i++; P0 = LedBuff[4]; break;
  68   4                                      
  69   4                                              case 5: ADDR2 = 1; ADDR1 = 0; ADDR0 = 1; i=0; P0 = LedBuff[5]; break;
  70   4      
  71   4                                              default:break;
  72   4                                      }
  73   3                              }
  74   2                      }
  75   1                      
  76   1      }


MODULE INFORMATION:   STATIC OVERLAYABLE
   CODE SIZE        =    434    ----
   CONSTANT SIZE    =     16    ----
   XDATA SIZE       =   ----    ----
   PDATA SIZE       =   ----    ----
   DATA SIZE        =      6       7
   IDATA SIZE       =   ----    ----
   BIT SIZE         =   ----    ----
END OF MODULE INFORMATION.


C51 COMPILATION COMPLETE.  0 WARNING(S),  0 ERROR(S)
